|               |
|               |
|               |
|               |
|               |
|               |
|               |
|               |
|               |
|               |
|               |
|               |
|               |
|               |
|               |
|               |
|               |
|               |
|               |
|               |
+---------------+
===============
|               |
|               |
|               |
|               |
|               |
|               |
|               |
|               |
|               |
|               |
|               |
|               |
|               |
|               |
|               |
|               |
|               |
|               |
|               |
|               |
+---------------+
Unit: 3 5 4
Result: column = 0, permutation = 0 score = 0 [0]
|               |
|               |
|               |
|               |
|               |
|               |
|               |
|               |
|               |
|               |
|               |
|               |
|               |
|               |
|               |
|               |
|               |
| 3             |
| 5             |
| 4             |
+---------------+
===============
|               |
|               |
|               |
|               |
|               |
|               |
|               |
|               |
|               |
|               |
|               |
|               |
|               |
|               |
|               |
|               |
|               |
| 3             |
| 5             |
| 4             |
+---------------+
Unit: 1 6 4
Result: column = 1, permutation = 0 score = 0 [0]
|               |
|               |
|               |
|               |
|               |
|               |
|               |
|               |
|               |
|               |
|               |
|               |
|               |
|               |
|               |
|               |
|               |
| 3  1          |
| 5  6          |
| 4  4          |
+---------------+
===============
|               |
|               |
|               |
|               |
|               |
|               |
|               |
|               |
|               |
|               |
|               |
|               |
|               |
|               |
|               |
|               |
|               |
| 3  1          |
| 5  6          |
| 4  4          |
+---------------+
Unit: 2 4 6
Result: column = 2, permutation = 2 score = 1 [1]
|               |
|               |
|               |
|               |
|               |
|               |
|               |
|               |
|               |
|               |
|               |
|               |
|               |
|               |
|               |
|               |
|               |
|               |
| 3  1  6       |
| 5  6  2       |
+---------------+
===============
|               |
|               |
|               |
|               |
|               |
|               |
|               |
|               |
|               |
|               |
|               |
|               |
|               |
|               |
|               |
|               |
|               |
|               |
| 3  1  6       |
| 5  6  2       |
+---------------+
Unit: 6 1 1
Result: column = 3, permutation = 0 score = 1 [2]
|               |
|               |
|               |
|               |
|               |
|               |
|               |
|               |
|               |
|               |
|               |
|               |
|               |
|               |
|               |
|               |
|               |
|               |
| 3        1    |
| 5  1  2  1    |
+---------------+
===============
|               |
|               |
|               |
|               |
|               |
|               |
|               |
|               |
|               |
|               |
|               |
|               |
|               |
|               |
|               |
|               |
|               |
|               |
| 3        1    |
| 5  1  2  1    |
+---------------+
Unit: 5 6 2
Result: column = 4, permutation = 0 score = 0 [2]
|               |
|               |
|               |
|               |
|               |
|               |
|               |
|               |
|               |
|               |
|               |
|               |
|               |
|               |
|               |
|               |
|               |
|             5 |
| 3        1  6 |
| 5  1  2  1  2 |
+---------------+
===============
|               |
|               |
|               |
|               |
|               |
|               |
|               |
|               |
|               |
|               |
|               |
|               |
|               |
|               |
|               |
|               |
|               |
|             5 |
| 3        1  6 |
| 5  1  2  1  2 |
+---------------+
Unit: 4 3 3
Result: column = 0, permutation = 0 score = 1 [3]
|               |
|               |
|               |
|               |
|               |
|               |
|               |
|               |
|               |
|               |
|               |
|               |
|               |
|               |
|               |
|               |
|               |
|             5 |
| 4        1  6 |
| 5  1  2  1  2 |
+---------------+
===============
|               |
|               |
|               |
|               |
|               |
|               |
|               |
|               |
|               |
|               |
|               |
|               |
|               |
|               |
|               |
|               |
|               |
|             5 |
| 4        1  6 |
| 5  1  2  1  2 |
+---------------+
Unit: 5 3 2
Result: column = 1, permutation = 0 score = 0 [3]
|               |
|               |
|               |
|               |
|               |
|               |
|               |
|               |
|               |
|               |
|               |
|               |
|               |
|               |
|               |
|               |
|    5          |
|    3        5 |
| 4  2     1  6 |
| 5  1  2  1  2 |
+---------------+
===============
|               |
|               |
|               |
|               |
|               |
|               |
|               |
|               |
|               |
|               |
|               |
|               |
|               |
|               |
|               |
|               |
|    5          |
|    3        5 |
| 4  2     1  6 |
| 5  1  2  1  2 |
+---------------+
Unit: 4 3 4
Result: column = 0, permutation = 1 score = 1 [4]
|               |
|               |
|               |
|               |
|               |
|               |
|               |
|               |
|               |
|               |
|               |
|               |
|               |
|               |
|               |
|               |
|    5          |
|    3        5 |
| 3  2     1  6 |
| 5  1  2  1  2 |
+---------------+
===============
|               |
|               |
|               |
|               |
|               |
|               |
|               |
|               |
|               |
|               |
|               |
|               |
|               |
|               |
|               |
|               |
|    5          |
|    3        5 |
| 3  2     1  6 |
| 5  1  2  1  2 |
+---------------+
Unit: 4 2 5
Result: column = 0, permutation = 2 score = 1 [5]
|               |
|               |
|               |
|               |
|               |
|               |
|               |
|               |
|               |
|               |
|               |
|               |
|               |
|               |
|               |
|               |
| 5             |
| 4  5        5 |
| 3  3     1  6 |
| 5  1     1  2 |
+---------------+
===============
|               |
|               |
|               |
|               |
|               |
|               |
|               |
|               |
|               |
|               |
|               |
|               |
|               |
|               |
|               |
|               |
| 5             |
| 4  5        5 |
| 3  3     1  6 |
| 5  1     1  2 |
+---------------+
Unit: 1 4 1
Result: column = 3, permutation = 1 score = 2 [7]
|               |
|               |
|               |
|               |
|               |
|               |
|               |
|               |
|               |
|               |
|               |
|               |
|               |
|               |
|               |
|               |
| 5             |
| 4  5        5 |
| 3  3        6 |
| 5  1     4  2 |
+---------------+
===============
|               |
|               |
|               |
|               |
|               |
|               |
|               |
|               |
|               |
|               |
|               |
|               |
|               |
|               |
|               |
|               |
| 5             |
| 4  5        5 |
| 3  3        6 |
| 5  1     4  2 |
+---------------+
Unit: 4 4 1
Result: column = 3, permutation = 2 score = 1 [8]
|               |
|               |
|               |
|               |
|               |
|               |
|               |
|               |
|               |
|               |
|               |
|               |
|               |
|               |
|               |
|               |
| 5             |
| 4  5        5 |
| 3  3        6 |
| 5  1     1  2 |
+---------------+
===============
|               |
|               |
|               |
|               |
|               |
|               |
|               |
|               |
|               |
|               |
|               |
|               |
|               |
|               |
|               |
|               |
| 5             |
| 4  5        5 |
| 3  3        6 |
| 5  1     1  2 |
+---------------+
Unit: 2 1 4
Result: column = 2, permutation = 2 score = 1 [9]
|               |
|               |
|               |
|               |
|               |
|               |
|               |
|               |
|               |
|               |
|               |
|               |
|               |
|               |
|               |
|               |
| 5             |
| 4           5 |
| 3  5  4     6 |
| 5  3  2     2 |
+---------------+
===============
|               |
|               |
|               |
|               |
|               |
|               |
|               |
|               |
|               |
|               |
|               |
|               |
|               |
|               |
|               |
|               |
| 5             |
| 4           5 |
| 3  5  4     6 |
| 5  3  2     2 |
+---------------+
Unit: 1 2 3
Result: column = 3, permutation = 2 score = 1 [10]
|               |
|               |
|               |
|               |
|               |
|               |
|               |
|               |
|               |
|               |
|               |
|               |
|               |
|               |
|               |
|               |
| 5             |
| 4             |
| 3  5     3  5 |
| 5  3  4  1  6 |
+---------------+
===============
|               |
|               |
|               |
|               |
|               |
|               |
|               |
|               |
|               |
|               |
|               |
|               |
|               |
|               |
|               |
|               |
| 5             |
| 4             |
| 3  5     3  5 |
| 5  3  4  1  6 |
+---------------+
Unit: 3 5 4
Result: column = 2, permutation = 0 score = 1 [11]
|               |
|               |
|               |
|               |
|               |
|               |
|               |
|               |
|               |
|               |
|               |
|               |
|               |
|               |
|               |
|               |
|               |
| 5     3       |
| 4     4  3  5 |
| 3  3  4  1  6 |
+---------------+
===============
|               |
|               |
|               |
|               |
|               |
|               |
|               |
|               |
|               |
|               |
|               |
|               |
|               |
|               |
|               |
|               |
|               |
| 5     3       |
| 4     4  3  5 |
| 3  3  4  1  6 |
+---------------+
Unit: 4 4 4
Result: column = 1, permutation = 0 score = 2 [13]
|               |
|               |
|               |
|               |
|               |
|               |
|               |
|               |
|               |
|               |
|               |
|               |
|               |
|               |
|               |
|               |
|               |
|               |
| 5     3  3  5 |
| 3  3  4  1  6 |
+---------------+
===============
|               |
|               |
|               |
|               |
|               |
|               |
|               |
|               |
|               |
|               |
|               |
|               |
|               |
|               |
|               |
|               |
|               |
|               |
| 5     3  3  5 |
| 3  3  4  1  6 |
+---------------+
Unit: 3 1 3
Result: column = 1, permutation = 1 score = 2 [15]
|               |
|               |
|               |
|               |
|               |
|               |
|               |
|               |
|               |
|               |
|               |
|               |
|               |
|               |
|               |
|               |
|               |
|               |
| 5           5 |
| 3  1  4  1  6 |
+---------------+
===============
|               |
|               |
|               |
|               |
|               |
|               |
|               |
|               |
|               |
|               |
|               |
|               |
|               |
|               |
|               |
|               |
|               |
|               |
| 5           5 |
| 3  1  4  1  6 |
+---------------+
Unit: 4 2 6
Result: column = 1, permutation = 0 score = 0 [15]
|               |
|               |
|               |
|               |
|               |
|               |
|               |
|               |
|               |
|               |
|               |
|               |
|               |
|               |
|               |
|               |
|    4          |
|    2          |
| 5  6        5 |
| 3  1  4  1  6 |
+---------------+
===============
|               |
|               |
|               |
|               |
|               |
|               |
|               |
|               |
|               |
|               |
|               |
|               |
|               |
|               |
|               |
|               |
|    4          |
|    2          |
| 5  6        5 |
| 3  1  4  1  6 |
+---------------+
Unit: 3 1 2
Result: column = 2, permutation = 0 score = 0 [15]
|               |
|               |
|               |
|               |
|               |
|               |
|               |
|               |
|               |
|               |
|               |
|               |
|               |
|               |
|               |
|               |
|    4  3       |
|    2  1       |
| 5  6  2     5 |
| 3  1  4  1  6 |
+---------------+
===============
|               |
|               |
|               |
|               |
|               |
|               |
|               |
|               |
|               |
|               |
|               |
|               |
|               |
|               |
|               |
|               |
|    4  3       |
|    2  1       |
| 5  6  2     5 |
| 3  1  4  1  6 |
+---------------+
Unit: 5 3 1
Result: column = 3, permutation = 0 score = 0 [15]
|               |
|               |
|               |
|               |
|               |
|               |
|               |
|               |
|               |
|               |
|               |
|               |
|               |
|               |
|               |
|               |
|    4  3  5    |
|    2  1  3    |
| 5  6  2  1  5 |
| 3  1  4  1  6 |
+---------------+
===============
|               |
|               |
|               |
|               |
|               |
|               |
|               |
|               |
|               |
|               |
|               |
|               |
|               |
|               |
|               |
|               |
|    4  3  5    |
|    2  1  3    |
| 5  6  2  1  5 |
| 3  1  4  1  6 |
+---------------+
Unit: 2 4 3
Result: column = 0, permutation = 2 score = 1 [16]
|               |
|               |
|               |
|               |
|               |
|               |
|               |
|               |
|               |
|               |
|               |
|               |
|               |
|               |
|               |
|               |
| 3        5    |
| 4  4  3  3    |
| 5  6  1  1  5 |
| 3  1  4  1  6 |
+---------------+
===============
|               |
|               |
|               |
|               |
|               |
|               |
|               |
|               |
|               |
|               |
|               |
|               |
|               |
|               |
|               |
|               |
| 3        5    |
| 4  4  3  3    |
| 5  6  1  1  5 |
| 3  1  4  1  6 |
+---------------+
Unit: 4 6 1
Result: column = 4, permutation = 0 score = 0 [16]
|               |
|               |
|               |
|               |
|               |
|               |
|               |
|               |
|               |
|               |
|               |
|               |
|               |
|               |
|               |
|             4 |
| 3        5  6 |
| 4  4  3  3  1 |
| 5  6  1  1  5 |
| 3  1  4  1  6 |
+---------------+
===============
|               |
|               |
|               |
|               |
|               |
|               |
|               |
|               |
|               |
|               |
|               |
|               |
|               |
|               |
|               |
|             4 |
| 3        5  6 |
| 4  4  3  3  1 |
| 5  6  1  1  5 |
| 3  1  4  1  6 |
+---------------+
Unit: 1 2 3
Result: column = 1, permutation = 0 score = 0 [16]
|               |
|               |
|               |
|               |
|               |
|               |
|               |
|               |
|               |
|               |
|               |
|               |
|               |
|               |
|    1          |
|    2        4 |
| 3  3     5  6 |
| 4  4  3  3  1 |
| 5  6  1  1  5 |
| 3  1  4  1  6 |
+---------------+
===============
|               |
|               |
|               |
|               |
|               |
|               |
|               |
|               |
|               |
|               |
|               |
|               |
|               |
|               |
|    1          |
|    2        4 |
| 3  3     5  6 |
| 4  4  3  3  1 |
| 5  6  1  1  5 |
| 3  1  4  1  6 |
+---------------+
Unit: 1 2 6
Result: column = 2, permutation = 0 score = 0 [16]
|               |
|               |
|               |
|               |
|               |
|               |
|               |
|               |
|               |
|               |
|               |
|               |
|               |
|               |
|    1  1       |
|    2  2     4 |
| 3  3  6  5  6 |
| 4  4  3  3  1 |
| 5  6  1  1  5 |
| 3  1  4  1  6 |
+---------------+
===============
|               |
|               |
|               |
|               |
|               |
|               |
|               |
|               |
|               |
|               |
|               |
|               |
|               |
|               |
|    1  1       |
|    2  2     4 |
| 3  3  6  5  6 |
| 4  4  3  3  1 |
| 5  6  1  1  5 |
| 3  1  4  1  6 |
+---------------+
Unit: 6 2 5
Result: column = 0, permutation = 2 score = 1 [17]
|               |
|               |
|               |
|               |
|               |
|               |
|               |
|               |
|               |
|               |
|               |
|               |
|               |
|               |
| 5             |
| 6  1  1     4 |
| 3  3  6  5  6 |
| 4  4  3  3  1 |
| 5  6  1  1  5 |
| 3  1  4  1  6 |
+---------------+
===============
|               |
|               |
|               |
|               |
|               |
|               |
|               |
|               |
|               |
|               |
|               |
|               |
|               |
|               |
| 5             |
| 6  1  1     4 |
| 3  3  6  5  6 |
| 4  4  3  3  1 |
| 5  6  1  1  5 |
| 3  1  4  1  6 |
+---------------+
Unit: 5 4 1
Result: column = 3, permutation = 0 score = 1 [18]
|               |
|               |
|               |
|               |
|               |
|               |
|               |
|               |
|               |
|               |
|               |
|               |
|               |
|               |
| 5        5    |
| 6        4  4 |
| 3  3  6  5  6 |
| 4  4  3  3  1 |
| 5  6  1  1  5 |
| 3  1  4  1  6 |
+---------------+
===============
|               |
|               |
|               |
|               |
|               |
|               |
|               |
|               |
|               |
|               |
|               |
|               |
|               |
|               |
| 5        5    |
| 6        4  4 |
| 3  3  6  5  6 |
| 4  4  3  3  1 |
| 5  6  1  1  5 |
| 3  1  4  1  6 |
+---------------+
Unit: 3 5 6
Result: column = 1, permutation = 0 score = 0 [18]
|               |
|               |
|               |
|               |
|               |
|               |
|               |
|               |
|               |
|               |
|               |
|               |
|               |
|    3          |
| 5  5     5    |
| 6  6     4  4 |
| 3  3  6  5  6 |
| 4  4  3  3  1 |
| 5  6  1  1  5 |
| 3  1  4  1  6 |
+---------------+
===============
|               |
|               |
|               |
|               |
|               |
|               |
|               |
|               |
|               |
|               |
|               |
|               |
|               |
|    3          |
| 5  5     5    |
| 6  6     4  4 |
| 3  3  6  5  6 |
| 4  4  3  3  1 |
| 5  6  1  1  5 |
| 3  1  4  1  6 |
+---------------+
Unit: 2 2 2
Result: column = 2, permutation = 0 score = 1 [19]
|               |
|               |
|               |
|               |
|               |
|               |
|               |
|               |
|               |
|               |
|               |
|               |
|               |
|    3          |
| 5  5     5    |
| 6  6     4  4 |
| 3  3  6  5  6 |
| 4  4  3  3  1 |
| 5  6  1  1  5 |
| 3  1  4  1  6 |
+---------------+
===============
|               |
|               |
|               |
|               |
|               |
|               |
|               |
|               |
|               |
|               |
|               |
|               |
|               |
|    3          |
| 5  5     5    |
| 6  6     4  4 |
| 3  3  6  5  6 |
| 4  4  3  3  1 |
| 5  6  1  1  5 |
| 3  1  4  1  6 |
+---------------+
Unit: 6 2 3
Result: column = 2, permutation = 1 score = 1 [20]
|               |
|               |
|               |
|               |
|               |
|               |
|               |
|               |
|               |
|               |
|               |
|               |
|               |
|               |
|    3  2  5    |
| 5  5  3  4  4 |
| 3  3  6  5  6 |
| 4  4  3  3  1 |
| 5  6  1  1  5 |
| 3  1  4  1  6 |
+---------------+
===============
|               |
|               |
|               |
|               |
|               |
|               |
|               |
|               |
|               |
|               |
|               |
|               |
|               |
|               |
|    3  2  5    |
| 5  5  3  4  4 |
| 3  3  6  5  6 |
| 4  4  3  3  1 |
| 5  6  1  1  5 |
| 3  1  4  1  6 |
+---------------+
Unit: 3 3 1
Result: column = 0, permutation = 0 score = 1 [21]
|               |
|               |
|               |
|               |
|               |
|               |
|               |
|               |
|               |
|               |
|               |
|               |
|               |
| 3             |
| 1        5    |
| 5  5  2  4  4 |
| 3  3  6  5  6 |
| 4  4  3  3  1 |
| 5  6  1  1  5 |
| 3  1  4  1  6 |
+---------------+
===============
|               |
|               |
|               |
|               |
|               |
|               |
|               |
|               |
|               |
|               |
|               |
|               |
|               |
| 3             |
| 1        5    |
| 5  5  2  4  4 |
| 3  3  6  5  6 |
| 4  4  3  3  1 |
| 5  6  1  1  5 |
| 3  1  4  1  6 |
+---------------+
Unit: 6 5 1
Result: column = 1, permutation = 0 score = 0 [21]
|               |
|               |
|               |
|               |
|               |
|               |
|               |
|               |
|               |
|               |
|               |
|               |
|    6          |
| 3  5          |
| 1  1     5    |
| 5  5  2  4  4 |
| 3  3  6  5  6 |
| 4  4  3  3  1 |
| 5  6  1  1  5 |
| 3  1  4  1  6 |
+---------------+
===============
|               |
|               |
|               |
|               |
|               |
|               |
|               |
|               |
|               |
|               |
|               |
|               |
|    6          |
| 3  5          |
| 1  1     5    |
| 5  5  2  4  4 |
| 3  3  6  5  6 |
| 4  4  3  3  1 |
| 5  6  1  1  5 |
| 3  1  4  1  6 |
+---------------+
Unit: 4 3 1
Result: column = 2, permutation = 0 score = 1 [22]
|               |
|               |
|               |
|               |
|               |
|               |
|               |
|               |
|               |
|               |
|               |
|               |
|               |
|    6  4       |
| 3  5  3  5    |
| 5  5  2  4  4 |
| 3  3  6  5  6 |
| 4  4  3  3  1 |
| 5  6  1  1  5 |
| 3  1  4  1  6 |
+---------------+
===============
|               |
|               |
|               |
|               |
|               |
|               |
|               |
|               |
|               |
|               |
|               |
|               |
|               |
|    6  4       |
| 3  5  3  5    |
| 5  5  2  4  4 |
| 3  3  6  5  6 |
| 4  4  3  3  1 |
| 5  6  1  1  5 |
| 3  1  4  1  6 |
+---------------+
Unit: 5 6 1
Result: column = 4, permutation = 0 score = 0 [22]
|               |
|               |
|               |
|               |
|               |
|               |
|               |
|               |
|               |
|               |
|               |
|               |
|             5 |
|    6  4     6 |
| 3  5  3  5  1 |
| 5  5  2  4  4 |
| 3  3  6  5  6 |
| 4  4  3  3  1 |
| 5  6  1  1  5 |
| 3  1  4  1  6 |
+---------------+
===============
|               |
|               |
|               |
|               |
|               |
|               |
|               |
|               |
|               |
|               |
|               |
|               |
|             5 |
|    6  4     6 |
| 3  5  3  5  1 |
| 5  5  2  4  4 |
| 3  3  6  5  6 |
| 4  4  3  3  1 |
| 5  6  1  1  5 |
| 3  1  4  1  6 |
+---------------+
Unit: 5 2 3
Result: column = 0, permutation = 0 score = 0 [22]
|               |
|               |
|               |
|               |
|               |
|               |
|               |
|               |
|               |
|               |
|               |
| 5             |
| 2           5 |
| 3  6  4     6 |
| 3  5  3  5  1 |
| 5  5  2  4  4 |
| 3  3  6  5  6 |
| 4  4  3  3  1 |
| 5  6  1  1  5 |
| 3  1  4  1  6 |
+---------------+
===============
|               |
|               |
|               |
|               |
|               |
|               |
|               |
|               |
|               |
|               |
|               |
| 5             |
| 2           5 |
| 3  6  4     6 |
| 3  5  3  5  1 |
| 5  5  2  4  4 |
| 3  3  6  5  6 |
| 4  4  3  3  1 |
| 5  6  1  1  5 |
| 3  1  4  1  6 |
+---------------+
Unit: 2 1 4
Result: column = 3, permutation = 0 score = 0 [22]
|               |
|               |
|               |
|               |
|               |
|               |
|               |
|               |
|               |
|               |
|               |
| 5        2    |
| 2        1  5 |
| 3  6  4  4  6 |
| 3  5  3  5  1 |
| 5  5  2  4  4 |
| 3  3  6  5  6 |
| 4  4  3  3  1 |
| 5  6  1  1  5 |
| 3  1  4  1  6 |
+---------------+
===============
|               |
|               |
|               |
|               |
|               |
|               |
|               |
|               |
|               |
|               |
|               |
| 5        2    |
| 2        1  5 |
| 3  6  4  4  6 |
| 3  5  3  5  1 |
| 5  5  2  4  4 |
| 3  3  6  5  6 |
| 4  4  3  3  1 |
| 5  6  1  1  5 |
| 3  1  4  1  6 |
+---------------+
Unit: 6 2 6
Result: column = 1, permutation = 1 score = 1 [23]
|               |
|               |
|               |
|               |
|               |
|               |
|               |
|               |
|               |
|               |
|               |
| 5        2    |
| 2        1  5 |
| 3  2  4  4  6 |
| 3  5  3  5  1 |
| 5  5  2  4  4 |
| 3  3  6  5  6 |
| 4  4  3  3  1 |
| 5  6  1  1  5 |
| 3  1  4  1  6 |
+---------------+
===============
|               |
|               |
|               |
|               |
|               |
|               |
|               |
|               |
|               |
|               |
|               |
| 5        2    |
| 2        1  5 |
| 3  2  4  4  6 |
| 3  5  3  5  1 |
| 5  5  2  4  4 |
| 3  3  6  5  6 |
| 4  4  3  3  1 |
| 5  6  1  1  5 |
| 3  1  4  1  6 |
+---------------+
Unit: 1 6 1
Result: column = 1, permutation = 0 score = 0 [23]
|               |
|               |
|               |
|               |
|               |
|               |
|               |
|               |
|               |
|               |
|    1          |
| 5  6     2    |
| 2  1     1  5 |
| 3  2  4  4  6 |
| 3  5  3  5  1 |
| 5  5  2  4  4 |
| 3  3  6  5  6 |
| 4  4  3  3  1 |
| 5  6  1  1  5 |
| 3  1  4  1  6 |
+---------------+
===============
|               |
|               |
|               |
|               |
|               |
|               |
|               |
|               |
|               |
|               |
|    1          |
| 5  6     2    |
| 2  1     1  5 |
| 3  2  4  4  6 |
| 3  5  3  5  1 |
| 5  5  2  4  4 |
| 3  3  6  5  6 |
| 4  4  3  3  1 |
| 5  6  1  1  5 |
| 3  1  4  1  6 |
+---------------+
Unit: 4 1 1
Result: column = 2, permutation = 0 score = 2 [25]
|               |
|               |
|               |
|               |
|               |
|               |
|               |
|               |
|               |
|               |
|               |
| 5             |
| 2  6  4  2  5 |
| 3  2  4  4  6 |
| 3  5  3  5  1 |
| 5  5  2  4  4 |
| 3  3  6  5  6 |
| 4  4  3  3  1 |
| 5  6  1  1  5 |
| 3  1  4  1  6 |
+---------------+
===============
|               |
|               |
|               |
|               |
|               |
|               |
|               |
|               |
|               |
|               |
|               |
| 5             |
| 2  6  4  2  5 |
| 3  2  4  4  6 |
| 3  5  3  5  1 |
| 5  5  2  4  4 |
| 3  3  6  5  6 |
| 4  4  3  3  1 |
| 5  6  1  1  5 |
| 3  1  4  1  6 |
+---------------+
Unit: 6 1 1
Result: column = 1, permutation = 0 score = 0 [25]
|               |
|               |
|               |
|               |
|               |
|               |
|               |
|               |
|               |
|    6          |
|    1          |
| 5  1          |
| 2  6  4  2  5 |
| 3  2  4  4  6 |
| 3  5  3  5  1 |
| 5  5  2  4  4 |
| 3  3  6  5  6 |
| 4  4  3  3  1 |
| 5  6  1  1  5 |
| 3  1  4  1  6 |
+---------------+
===============
|               |
|               |
|               |
|               |
|               |
|               |
|               |
|               |
|               |
|    6          |
|    1          |
| 5  1          |
| 2  6  4  2  5 |
| 3  2  4  4  6 |
| 3  5  3  5  1 |
| 5  5  2  4  4 |
| 3  3  6  5  6 |
| 4  4  3  3  1 |
| 5  6  1  1  5 |
| 3  1  4  1  6 |
+---------------+
Unit: 5 3 2
Result: column = 2, permutation = 0 score = 0 [25]
|               |
|               |
|               |
|               |
|               |
|               |
|               |
|               |
|               |
|    6  5       |
|    1  3       |
| 5  1  2       |
| 2  6  4  2  5 |
| 3  2  4  4  6 |
| 3  5  3  5  1 |
| 5  5  2  4  4 |
| 3  3  6  5  6 |
| 4  4  3  3  1 |
| 5  6  1  1  5 |
| 3  1  4  1  6 |
+---------------+
===============
|               |
|               |
|               |
|               |
|               |
|               |
|               |
|               |
|               |
|    6  5       |
|    1  3       |
| 5  1  2       |
| 2  6  4  2  5 |
| 3  2  4  4  6 |
| 3  5  3  5  1 |
| 5  5  2  4  4 |
| 3  3  6  5  6 |
| 4  4  3  3  1 |
| 5  6  1  1  5 |
| 3  1  4  1  6 |
+---------------+
Unit: 2 3 3
Result: column = 3, permutation = 0 score = 0 [25]
|               |
|               |
|               |
|               |
|               |
|               |
|               |
|               |
|               |
|    6  5  2    |
|    1  3  3    |
| 5  1  2  3    |
| 2  6  4  2  5 |
| 3  2  4  4  6 |
| 3  5  3  5  1 |
| 5  5  2  4  4 |
| 3  3  6  5  6 |
| 4  4  3  3  1 |
| 5  6  1  1  5 |
| 3  1  4  1  6 |
+---------------+
===============
|               |
|               |
|               |
|               |
|               |
|               |
|               |
|               |
|               |
|    6  5  2    |
|    1  3  3    |
| 5  1  2  3    |
| 2  6  4  2  5 |
| 3  2  4  4  6 |
| 3  5  3  5  1 |
| 5  5  2  4  4 |
| 3  3  6  5  6 |
| 4  4  3  3  1 |
| 5  6  1  1  5 |
| 3  1  4  1  6 |
+---------------+
Unit: 2 6 4
Result: column = 4, permutation = 0 score = 0 [25]
|               |
|               |
|               |
|               |
|               |
|               |
|               |
|               |
|               |
|    6  5  2  2 |
|    1  3  3  6 |
| 5  1  2  3  4 |
| 2  6  4  2  5 |
| 3  2  4  4  6 |
| 3  5  3  5  1 |
| 5  5  2  4  4 |
| 3  3  6  5  6 |
| 4  4  3  3  1 |
| 5  6  1  1  5 |
| 3  1  4  1  6 |
+---------------+
===============
|               |
|               |
|               |
|               |
|               |
|               |
|               |
|               |
|               |
|    6  5  2  2 |
|    1  3  3  6 |
| 5  1  2  3  4 |
| 2  6  4  2  5 |
| 3  2  4  4  6 |
| 3  5  3  5  1 |
| 5  5  2  4  4 |
| 3  3  6  5  6 |
| 4  4  3  3  1 |
| 5  6  1  1  5 |
| 3  1  4  1  6 |
+---------------+
Unit: 1 4 1
Result: column = 0, permutation = 0 score = 0 [25]
|               |
|               |
|               |
|               |
|               |
|               |
|               |
|               |
| 1             |
| 4  6  5  2  2 |
| 1  1  3  3  6 |
| 5  1  2  3  4 |
| 2  6  4  2  5 |
| 3  2  4  4  6 |
| 3  5  3  5  1 |
| 5  5  2  4  4 |
| 3  3  6  5  6 |
| 4  4  3  3  1 |
| 5  6  1  1  5 |
| 3  1  4  1  6 |
+---------------+
===============
|               |
|               |
|               |
|               |
|               |
|               |
|               |
|               |
| 1             |
| 4  6  5  2  2 |
| 1  1  3  3  6 |
| 5  1  2  3  4 |
| 2  6  4  2  5 |
| 3  2  4  4  6 |
| 3  5  3  5  1 |
| 5  5  2  4  4 |
| 3  3  6  5  6 |
| 4  4  3  3  1 |
| 5  6  1  1  5 |
| 3  1  4  1  6 |
+---------------+
Unit: 3 5 4
Result: column = 1, permutation = 0 score = 0 [25]
|               |
|               |
|               |
|               |
|               |
|               |
|    3          |
|    5          |
| 1  4          |
| 4  6  5  2  2 |
| 1  1  3  3  6 |
| 5  1  2  3  4 |
| 2  6  4  2  5 |
| 3  2  4  4  6 |
| 3  5  3  5  1 |
| 5  5  2  4  4 |
| 3  3  6  5  6 |
| 4  4  3  3  1 |
| 5  6  1  1  5 |
| 3  1  4  1  6 |
+---------------+
===============
|               |
|               |
|               |
|               |
|               |
|               |
|    3          |
|    5          |
| 1  4          |
| 4  6  5  2  2 |
| 1  1  3  3  6 |
| 5  1  2  3  4 |
| 2  6  4  2  5 |
| 3  2  4  4  6 |
| 3  5  3  5  1 |
| 5  5  2  4  4 |
| 3  3  6  5  6 |
| 4  4  3  3  1 |
| 5  6  1  1  5 |
| 3  1  4  1  6 |
+---------------+
Unit: 5 2 5
Result: column = 2, permutation = 1 score = 3 [28]
|               |
|               |
|               |
|               |
|               |
|               |
|    3          |
|    5          |
| 1  4          |
| 4  6          |
| 1  1  3  3  6 |
| 5  1  2  3  4 |
| 2  6  4  2  5 |
| 3  2  4  4  6 |
| 3  5  3  5  1 |
| 5  5  2  4  4 |
| 3  3  6  5  6 |
| 4  4  3  3  1 |
| 5  6  1  1  5 |
| 3  1  4  1  6 |
+---------------+
===============
|               |
|               |
|               |
|               |
|               |
|               |
|    3          |
|    5          |
| 1  4          |
| 4  6          |
| 1  1  3  3  6 |
| 5  1  2  3  4 |
| 2  6  4  2  5 |
| 3  2  4  4  6 |
| 3  5  3  5  1 |
| 5  5  2  4  4 |
| 3  3  6  5  6 |
| 4  4  3  3  1 |
| 5  6  1  1  5 |
| 3  1  4  1  6 |
+---------------+
Unit: 2 3 6
Result: column = 3, permutation = 2 score = 1 [29]
|               |
|               |
|               |
|               |
|               |
|               |
|    3          |
|    5          |
| 1  4          |
| 4  6          |
| 1  1  3  6  6 |
| 5  1  2  2  4 |
| 2  6  4  2  5 |
| 3  2  4  4  6 |
| 3  5  3  5  1 |
| 5  5  2  4  4 |
| 3  3  6  5  6 |
| 4  4  3  3  1 |
| 5  6  1  1  5 |
| 3  1  4  1  6 |
+---------------+
===============
|               |
|               |
|               |
|               |
|               |
|               |
|    3          |
|    5          |
| 1  4          |
| 4  6          |
| 1  1  3  6  6 |
| 5  1  2  2  4 |
| 2  6  4  2  5 |
| 3  2  4  4  6 |
| 3  5  3  5  1 |
| 5  5  2  4  4 |
| 3  3  6  5  6 |
| 4  4  3  3  1 |
| 5  6  1  1  5 |
| 3  1  4  1  6 |
+---------------+
Unit: 5 5 4
Result: column = 2, permutation = 2 score = 1 [30]
|               |
|               |
|               |
|               |
|               |
|               |
|               |
|    3          |
|    5  5       |
| 1  6  5       |
| 1  1  3  6  6 |
| 5  1  2  2  4 |
| 2  6  4  2  5 |
| 3  2  4  4  6 |
| 3  5  3  5  1 |
| 5  5  2  4  4 |
| 3  3  6  5  6 |
| 4  4  3  3  1 |
| 5  6  1  1  5 |
| 3  1  4  1  6 |
+---------------+
===============
|               |
|               |
|               |
|               |
|               |
|               |
|               |
|    3          |
|    5  5       |
| 1  6  5       |
| 1  1  3  6  6 |
| 5  1  2  2  4 |
| 2  6  4  2  5 |
| 3  2  4  4  6 |
| 3  5  3  5  1 |
| 5  5  2  4  4 |
| 3  3  6  5  6 |
| 4  4  3  3  1 |
| 5  6  1  1  5 |
| 3  1  4  1  6 |
+---------------+
Unit: 3 5 4
Result: column = 3, permutation = 0 score = 1 [31]
|               |
|               |
|               |
|               |
|               |
|               |
|               |
|               |
|    3     3    |
| 1  6  5  4    |
| 1  1  3  6  6 |
| 5  1  2  2  4 |
| 2  6  4  2  5 |
| 3  2  4  4  6 |
| 3  5  3  5  1 |
| 5  5  2  4  4 |
| 3  3  6  5  6 |
| 4  4  3  3  1 |
| 5  6  1  1  5 |
| 3  1  4  1  6 |
+---------------+
===============
|               |
|               |
|               |
|               |
|               |
|               |
|               |
|               |
|    3     3    |
| 1  6  5  4    |
| 1  1  3  6  6 |
| 5  1  2  2  4 |
| 2  6  4  2  5 |
| 3  2  4  4  6 |
| 3  5  3  5  1 |
| 5  5  2  4  4 |
| 3  3  6  5  6 |
| 4  4  3  3  1 |
| 5  6  1  1  5 |
| 3  1  4  1  6 |
+---------------+
Unit: 2 5 3
Result: column = 2, permutation = 0 score = 1 [32]
|               |
|               |
|               |
|               |
|               |
|               |
|               |
|       2       |
|       5       |
| 1  6  5  4    |
| 1  1  3  6  6 |
| 5  1  2  2  4 |
| 2  6  4  2  5 |
| 3  2  4  4  6 |
| 3  5  3  5  1 |
| 5  5  2  4  4 |
| 3  3  6  5  6 |
| 4  4  3  3  1 |
| 5  6  1  1  5 |
| 3  1  4  1  6 |
+---------------+
===============
|               |
|               |
|               |
|               |
|               |
|               |
|               |
|       2       |
|       5       |
| 1  6  5  4    |
| 1  1  3  6  6 |
| 5  1  2  2  4 |
| 2  6  4  2  5 |
| 3  2  4  4  6 |
| 3  5  3  5  1 |
| 5  5  2  4  4 |
| 3  3  6  5  6 |
| 4  4  3  3  1 |
| 5  6  1  1  5 |
| 3  1  4  1  6 |
+---------------+
Unit: 6 4 3
Result: column = 4, permutation = 0 score = 0 [32]
|               |
|               |
|               |
|               |
|               |
|               |
|               |
|       2     6 |
|       5     4 |
| 1  6  5  4  3 |
| 1  1  3  6  6 |
| 5  1  2  2  4 |
| 2  6  4  2  5 |
| 3  2  4  4  6 |
| 3  5  3  5  1 |
| 5  5  2  4  4 |
| 3  3  6  5  6 |
| 4  4  3  3  1 |
| 5  6  1  1  5 |
| 3  1  4  1  6 |
+---------------+
===============
|               |
|               |
|               |
|               |
|               |
|               |
|               |
|       2     6 |
|       5     4 |
| 1  6  5  4  3 |
| 1  1  3  6  6 |
| 5  1  2  2  4 |
| 2  6  4  2  5 |
| 3  2  4  4  6 |
| 3  5  3  5  1 |
| 5  5  2  4  4 |
| 3  3  6  5  6 |
| 4  4  3  3  1 |
| 5  6  1  1  5 |
| 3  1  4  1  6 |
+---------------+
Unit: 6 4 4
Result: column = 3, permutation = 0 score = 1 [33]
|               |
|               |
|               |
|               |
|               |
|               |
|               |
|       2     6 |
|       5     4 |
| 1  6  5  6  3 |
| 1  1  3  6  6 |
| 5  1  2  2  4 |
| 2  6  4  2  5 |
| 3  2  4  4  6 |
| 3  5  3  5  1 |
| 5  5  2  4  4 |
| 3  3  6  5  6 |
| 4  4  3  3  1 |
| 5  6  1  1  5 |
| 3  1  4  1  6 |
+---------------+
===============
|               |
|               |
|               |
|               |
|               |
|               |
|               |
|       2     6 |
|       5     4 |
| 1  6  5  6  3 |
| 1  1  3  6  6 |
| 5  1  2  2  4 |
| 2  6  4  2  5 |
| 3  2  4  4  6 |
| 3  5  3  5  1 |
| 5  5  2  4  4 |
| 3  3  6  5  6 |
| 4  4  3  3  1 |
| 5  6  1  1  5 |
| 3  1  4  1  6 |
+---------------+
Unit: 6 6 1
Result: column = 1, permutation = 2 score = 3 [36]
|               |
|               |
|               |
|               |
|               |
|               |
|               |
|       2     6 |
|       5     4 |
| 1     5  6  3 |
| 1     3  6  6 |
| 5     2  2  4 |
| 2  6  4  2  5 |
| 3  2  4  4  6 |
| 3  5  3  5  1 |
| 5  5  2  4  4 |
| 3  3  6  5  6 |
| 4  4  3  3  1 |
| 5  6  1  1  5 |
| 3  1  4  1  6 |
+---------------+
===============
|               |
|               |
|               |
|               |
|               |
|               |
|               |
|       2     6 |
|       5     4 |
| 1     5  6  3 |
| 1     3  6  6 |
| 5     2  2  4 |
| 2  6  4  2  5 |
| 3  2  4  4  6 |
| 3  5  3  5  1 |
| 5  5  2  4  4 |
| 3  3  6  5  6 |
| 4  4  3  3  1 |
| 5  6  1  1  5 |
| 3  1  4  1  6 |
+---------------+
Unit: 1 1 1
Result: column = 0, permutation = 0 score = 3 [39]
|               |
|               |
|               |
|               |
|               |
|               |
|               |
|       2     6 |
|       5     4 |
|       5  6  3 |
|       3  6  6 |
| 5     2  2  4 |
| 2  6  4  2  5 |
| 3  2  4  4  6 |
| 3  5  3  5  1 |
| 5  5  2  4  4 |
| 3  3  6  5  6 |
| 4  4  3  3  1 |
| 5  6  1  1  5 |
| 3  1  4  1  6 |
+---------------+
===============
|               |
|               |
|               |
|               |
|               |
|               |
|               |
|       2     6 |
|       5     4 |
|       5  6  3 |
|       3  6  6 |
| 5     2  2  4 |
| 2  6  4  2  5 |
| 3  2  4  4  6 |
| 3  5  3  5  1 |
| 5  5  2  4  4 |
| 3  3  6  5  6 |
| 4  4  3  3  1 |
| 5  6  1  1  5 |
| 3  1  4  1  6 |
+---------------+
Unit: 4 4 4
Result: column = 1, permutation = 0 score = 2 [41]
|               |
|               |
|               |
|               |
|               |
|               |
|               |
|             6 |
|       2     4 |
|       5     3 |
|       5  6  6 |
| 5     3  6  4 |
| 2  6  2  2  5 |
| 3  2  4  2  6 |
| 3  5  3  5  1 |
| 5  5  2  4  4 |
| 3  3  6  5  6 |
| 4  4  3  3  1 |
| 5  6  1  1  5 |
| 3  1  4  1  6 |
+---------------+
===============
|               |
|               |
|               |
|               |
|               |
|               |
|               |
|             6 |
|       2     4 |
|       5     3 |
|       5  6  6 |
| 5     3  6  4 |
| 2  6  2  2  5 |
| 3  2  4  2  6 |
| 3  5  3  5  1 |
| 5  5  2  4  4 |
| 3  3  6  5  6 |
| 4  4  3  3  1 |
| 5  6  1  1  5 |
| 3  1  4  1  6 |
+---------------+
Unit: 2 3 3
Result: column = 1, permutation = 1 score = 1 [42]
|               |
|               |
|               |
|               |
|               |
|               |
|               |
|             6 |
|             4 |
|       2     3 |
|    3  5     6 |
| 5  3  5  6  4 |
| 2  6  3  6  5 |
| 3  2  4  2  6 |
| 3  5  3  5  1 |
| 5  5  2  4  4 |
| 3  3  6  5  6 |
| 4  4  3  3  1 |
| 5  6  1  1  5 |
| 3  1  4  1  6 |
+---------------+
===============
|               |
|               |
|               |
|               |
|               |
|               |
|               |
|             6 |
|             4 |
|       2     3 |
|    3  5     6 |
| 5  3  5  6  4 |
| 2  6  3  6  5 |
| 3  2  4  2  6 |
| 3  5  3  5  1 |
| 5  5  2  4  4 |
| 3  3  6  5  6 |
| 4  4  3  3  1 |
| 5  6  1  1  5 |
| 3  1  4  1  6 |
+---------------+
Unit: 6 1 4
Result: column = 3, permutation = 1 score = 3 [45]
|               |
|               |
|               |
|               |
|               |
|               |
|               |
|               |
|             6 |
|             4 |
|    3  2     3 |
| 5  3  5     6 |
| 2  6  5  1  5 |
| 3  2  3  2  6 |
| 3  5  3  5  1 |
| 5  5  2  4  4 |
| 3  3  6  5  6 |
| 4  4  3  3  1 |
| 5  6  1  1  5 |
| 3  1  4  1  6 |
+---------------+
===============
|               |
|               |
|               |
|               |
|               |
|               |
|               |
|               |
|             6 |
|             4 |
|    3  2     3 |
| 5  3  5     6 |
| 2  6  5  1  5 |
| 3  2  3  2  6 |
| 3  5  3  5  1 |
| 5  5  2  4  4 |
| 3  3  6  5  6 |
| 4  4  3  3  1 |
| 5  6  1  1  5 |
| 3  1  4  1  6 |
+---------------+
Unit: 2 2 1
Result: column = 2, permutation = 2 score = 1 [46]
|               |
|               |
|               |
|               |
|               |
|               |
|               |
|               |
|             6 |
|             4 |
|    3  1     3 |
| 5  3  5     6 |
| 2  6  5  1  5 |
| 3  2  3  2  6 |
| 3  5  3  5  1 |
| 5  5  2  4  4 |
| 3  3  6  5  6 |
| 4  4  3  3  1 |
| 5  6  1  1  5 |
| 3  1  4  1  6 |
+---------------+
===============
|               |
|               |
|               |
|               |
|               |
|               |
|               |
|               |
|             6 |
|             4 |
|    3  1     3 |
| 5  3  5     6 |
| 2  6  5  1  5 |
| 3  2  3  2  6 |
| 3  5  3  5  1 |
| 5  5  2  4  4 |
| 3  3  6  5  6 |
| 4  4  3  3  1 |
| 5  6  1  1  5 |
| 3  1  4  1  6 |
+---------------+
Unit: 3 2 3
Result: column = 1, permutation = 1 score = 2 [48]
|               |
|               |
|               |
|               |
|               |
|               |
|               |
|               |
|             6 |
|             4 |
|       1     3 |
| 5  2  5     6 |
| 2  6  5  1  5 |
| 3  2  3  2  6 |
| 3  5  3  5  1 |
| 5  5  2  4  4 |
| 3  3  6  5  6 |
| 4  4  3  3  1 |
| 5  6  1  1  5 |
| 3  1  4  1  6 |
+---------------+
===============
|               |
|               |
|               |
|               |
|               |
|               |
|               |
|               |
|             6 |
|             4 |
|       1     3 |
| 5  2  5     6 |
| 2  6  5  1  5 |
| 3  2  3  2  6 |
| 3  5  3  5  1 |
| 5  5  2  4  4 |
| 3  3  6  5  6 |
| 4  4  3  3  1 |
| 5  6  1  1  5 |
| 3  1  4  1  6 |
+---------------+
Unit: 4 6 5
Result: column = 3, permutation = 0 score = 0 [48]
|               |
|               |
|               |
|               |
|               |
|               |
|               |
|               |
|             6 |
|          4  4 |
|       1  6  3 |
| 5  2  5  5  6 |
| 2  6  5  1  5 |
| 3  2  3  2  6 |
| 3  5  3  5  1 |
| 5  5  2  4  4 |
| 3  3  6  5  6 |
| 4  4  3  3  1 |
| 5  6  1  1  5 |
| 3  1  4  1  6 |
+---------------+
===============
|               |
|               |
|               |
|               |
|               |
|               |
|               |
|               |
|             6 |
|          4  4 |
|       1  6  3 |
| 5  2  5  5  6 |
| 2  6  5  1  5 |
| 3  2  3  2  6 |
| 3  5  3  5  1 |
| 5  5  2  4  4 |
| 3  3  6  5  6 |
| 4  4  3  3  1 |
| 5  6  1  1  5 |
| 3  1  4  1  6 |
+---------------+
Unit: 4 2 5
Result: column = 2, permutation = 1 score = 1 [49]
|               |
|               |
|               |
|               |
|               |
|               |
|               |
|               |
|       2       |
|       5     6 |
|       1  6  3 |
| 5  2  5  5  6 |
| 2  6  5  1  5 |
| 3  2  3  2  6 |
| 3  5  3  5  1 |
| 5  5  2  4  4 |
| 3  3  6  5  6 |
| 4  4  3  3  1 |
| 5  6  1  1  5 |
| 3  1  4  1  6 |
+---------------+
===============
|               |
|               |
|               |
|               |
|               |
|               |
|               |
|               |
|       2       |
|       5     6 |
|       1  6  3 |
| 5  2  5  5  6 |
| 2  6  5  1  5 |
| 3  2  3  2  6 |
| 3  5  3  5  1 |
| 5  5  2  4  4 |
| 3  3  6  5  6 |
| 4  4  3  3  1 |
| 5  6  1  1  5 |
| 3  1  4  1  6 |
+---------------+
Unit: 2 6 2
Result: column = 1, permutation = 1 score = 1 [50]
|               |
|               |
|               |
|               |
|               |
|               |
|               |
|               |
|       2       |
|       5     6 |
|       1  6  3 |
| 5  6  5  5  6 |
| 2  6  5  1  5 |
| 3  2  3  2  6 |
| 3  5  3  5  1 |
| 5  5  2  4  4 |
| 3  3  6  5  6 |
| 4  4  3  3  1 |
| 5  6  1  1  5 |
| 3  1  4  1  6 |
+---------------+
===============
|               |
|               |
|               |
|               |
|               |
|               |
|               |
|               |
|       2       |
|       5     6 |
|       1  6  3 |
| 5  6  5  5  6 |
| 2  6  5  1  5 |
| 3  2  3  2  6 |
| 3  5  3  5  1 |
| 5  5  2  4  4 |
| 3  3  6  5  6 |
| 4  4  3  3  1 |
| 5  6  1  1  5 |
| 3  1  4  1  6 |
+---------------+
Unit: 1 4 2
Result: column = 0, permutation = 0 score = 0 [50]
|               |
|               |
|               |
|               |
|               |
|               |
|               |
|               |
| 1     2       |
| 4     5     6 |
| 2     1  6  3 |
| 5  6  5  5  6 |
| 2  6  5  1  5 |
| 3  2  3  2  6 |
| 3  5  3  5  1 |
| 5  5  2  4  4 |
| 3  3  6  5  6 |
| 4  4  3  3  1 |
| 5  6  1  1  5 |
| 3  1  4  1  6 |
+---------------+
===============
|               |
|               |
|               |
|               |
|               |
|               |
|               |
|               |
| 1     2       |
| 4     5     6 |
| 2     1  6  3 |
| 5  6  5  5  6 |
| 2  6  5  1  5 |
| 3  2  3  2  6 |
| 3  5  3  5  1 |
| 5  5  2  4  4 |
| 3  3  6  5  6 |
| 4  4  3  3  1 |
| 5  6  1  1  5 |
| 3  1  4  1  6 |
+---------------+
Unit: 3 1 6
Result: column = 1, permutation = 0 score = 6 [56]
|               |
|               |
|               |
|               |
|               |
|               |
|               |
|               |
|               |
| 4             |
| 2           6 |
| 5        6  3 |
| 2  3  2  1  6 |
| 3  2  3  2  6 |
| 3  5  3  5  1 |
| 5  5  2  4  4 |
| 3  3  6  5  6 |
| 4  4  3  3  1 |
| 5  6  1  1  5 |
| 3  1  4  1  6 |
+---------------+
===============
|               |
|               |
|               |
|               |
|               |
|               |
|               |
|               |
|               |
| 4             |
| 2           6 |
| 5        6  3 |
| 2  3  2  1  6 |
| 3  2  3  2  6 |
| 3  5  3  5  1 |
| 5  5  2  4  4 |
| 3  3  6  5  6 |
| 4  4  3  3  1 |
| 5  6  1  1  5 |
| 3  1  4  1  6 |
+---------------+
Unit: 3 4 2
Result: column = 1, permutation = 0 score = 2 [58]
|               |
|               |
|               |
|               |
|               |
|               |
|               |
|               |
|               |
|               |
| 4  3        6 |
| 5  4        3 |
| 2  3     6  6 |
| 3  2  3  1  6 |
| 3  5  3  5  1 |
| 5  5  2  4  4 |
| 3  3  6  5  6 |
| 4  4  3  3  1 |
| 5  6  1  1  5 |
| 3  1  4  1  6 |
+---------------+
===============
|               |
|               |
|               |
|               |
|               |
|               |
|               |
|               |
|               |
|               |
| 4  3        6 |
| 5  4        3 |
| 2  3     6  6 |
| 3  2  3  1  6 |
| 3  5  3  5  1 |
| 5  5  2  4  4 |
| 3  3  6  5  6 |
| 4  4  3  3  1 |
| 5  6  1  1  5 |
| 3  1  4  1  6 |
+---------------+
Unit: 5 6 2
Result: column = 2, permutation = 0 score = 1 [59]
|               |
|               |
|               |
|               |
|               |
|               |
|               |
|               |
|               |
|               |
| 4  3          |
| 5  4  5     6 |
| 2  3  2     3 |
| 3  2  3  1  6 |
| 3  5  3  5  1 |
| 5  5  2  4  4 |
| 3  3  6  5  6 |
| 4  4  3  3  1 |
| 5  6  1  1  5 |
| 3  1  4  1  6 |
+---------------+
===============
|               |
|               |
|               |
|               |
|               |
|               |
|               |
|               |
|               |
|               |
| 4  3          |
| 5  4  5     6 |
| 2  3  2     3 |
| 3  2  3  1  6 |
| 3  5  3  5  1 |
| 5  5  2  4  4 |
| 3  3  6  5  6 |
| 4  4  3  3  1 |
| 5  6  1  1  5 |
| 3  1  4  1  6 |
+---------------+
Unit: 4 6 6
Result: column = 4, permutation = 0 score = 1 [60]
|               |
|               |
|               |
|               |
|               |
|               |
|               |
|               |
|               |
|               |
| 4  3          |
| 5  4  5     4 |
| 2  3  2     3 |
| 3  2  3  1  6 |
| 3  5  3  5  1 |
| 5  5  2  4  4 |
| 3  3  6  5  6 |
| 4  4  3  3  1 |
| 5  6  1  1  5 |
| 3  1  4  1  6 |
+---------------+
===============
|               |
|               |
|               |
|               |
|               |
|               |
|               |
|               |
|               |
|               |
| 4  3          |
| 5  4  5     4 |
| 2  3  2     3 |
| 3  2  3  1  6 |
| 3  5  3  5  1 |
| 5  5  2  4  4 |
| 3  3  6  5  6 |
| 4  4  3  3  1 |
| 5  6  1  1  5 |
| 3  1  4  1  6 |
+---------------+
Unit: 3 4 6
Result: column = 3, permutation = 0 score = 0 [60]
|               |
|               |
|               |
|               |
|               |
|               |
|               |
|               |
|               |
|               |
| 4  3     3    |
| 5  4  5  4  4 |
| 2  3  2  6  3 |
| 3  2  3  1  6 |
| 3  5  3  5  1 |
| 5  5  2  4  4 |
| 3  3  6  5  6 |
| 4  4  3  3  1 |
| 5  6  1  1  5 |
| 3  1  4  1  6 |
+---------------+
===============
|               |
|               |
|               |
|               |
|               |
|               |
|               |
|               |
|               |
|               |
| 4  3     3    |
| 5  4  5  4  4 |
| 2  3  2  6  3 |
| 3  2  3  1  6 |
| 3  5  3  5  1 |
| 5  5  2  4  4 |
| 3  3  6  5  6 |
| 4  4  3  3  1 |
| 5  6  1  1  5 |
| 3  1  4  1  6 |
+---------------+
Unit: 2 5 1
Result: column = 2, permutation = 0 score = 0 [60]
|               |
|               |
|               |
|               |
|               |
|               |
|               |
|               |
|       2       |
|       5       |
| 4  3  1  3    |
| 5  4  5  4  4 |
| 2  3  2  6  3 |
| 3  2  3  1  6 |
| 3  5  3  5  1 |
| 5  5  2  4  4 |
| 3  3  6  5  6 |
| 4  4  3  3  1 |
| 5  6  1  1  5 |
| 3  1  4  1  6 |
+---------------+
===============
|               |
|               |
|               |
|               |
|               |
|               |
|               |
|               |
|       2       |
|       5       |
| 4  3  1  3    |
| 5  4  5  4  4 |
| 2  3  2  6  3 |
| 3  2  3  1  6 |
| 3  5  3  5  1 |
| 5  5  2  4  4 |
| 3  3  6  5  6 |
| 4  4  3  3  1 |
| 5  6  1  1  5 |
| 3  1  4  1  6 |
+---------------+
Unit: 3 5 5
Result: column = 4, permutation = 0 score = 0 [60]
|               |
|               |
|               |
|               |
|               |
|               |
|               |
|               |
|       2     3 |
|       5     5 |
| 4  3  1  3  5 |
| 5  4  5  4  4 |
| 2  3  2  6  3 |
| 3  2  3  1  6 |
| 3  5  3  5  1 |
| 5  5  2  4  4 |
| 3  3  6  5  6 |
| 4  4  3  3  1 |
| 5  6  1  1  5 |
| 3  1  4  1  6 |
+---------------+
===============
|               |
|               |
|               |
|               |
|               |
|               |
|               |
|               |
|       2     3 |
|       5     5 |
| 4  3  1  3  5 |
| 5  4  5  4  4 |
| 2  3  2  6  3 |
| 3  2  3  1  6 |
| 3  5  3  5  1 |
| 5  5  2  4  4 |
| 3  3  6  5  6 |
| 4  4  3  3  1 |
| 5  6  1  1  5 |
| 3  1  4  1  6 |
+---------------+
Unit: 1 4 2
Result: column = 0, permutation = 0 score = 0 [60]
|               |
|               |
|               |
|               |
|               |
|               |
|               |
| 1             |
| 4     2     3 |
| 2     5     5 |
| 4  3  1  3  5 |
| 5  4  5  4  4 |
| 2  3  2  6  3 |
| 3  2  3  1  6 |
| 3  5  3  5  1 |
| 5  5  2  4  4 |
| 3  3  6  5  6 |
| 4  4  3  3  1 |
| 5  6  1  1  5 |
| 3  1  4  1  6 |
+---------------+
===============
|               |
|               |
|               |
|               |
|               |
|               |
|               |
| 1             |
| 4     2     3 |
| 2     5     5 |
| 4  3  1  3  5 |
| 5  4  5  4  4 |
| 2  3  2  6  3 |
| 3  2  3  1  6 |
| 3  5  3  5  1 |
| 5  5  2  4  4 |
| 3  3  6  5  6 |
| 4  4  3  3  1 |
| 5  6  1  1  5 |
| 3  1  4  1  6 |
+---------------+
Unit: 6 3 1
Result: column = 1, permutation = 0 score = 0 [60]
|               |
|               |
|               |
|               |
|               |
|               |
|               |
| 1  6          |
| 4  3  2     3 |
| 2  1  5     5 |
| 4  3  1  3  5 |
| 5  4  5  4  4 |
| 2  3  2  6  3 |
| 3  2  3  1  6 |
| 3  5  3  5  1 |
| 5  5  2  4  4 |
| 3  3  6  5  6 |
| 4  4  3  3  1 |
| 5  6  1  1  5 |
| 3  1  4  1  6 |
+---------------+
===============
|               |
|               |
|               |
|               |
|               |
|               |
|               |
| 1  6          |
| 4  3  2     3 |
| 2  1  5     5 |
| 4  3  1  3  5 |
| 5  4  5  4  4 |
| 2  3  2  6  3 |
| 3  2  3  1  6 |
| 3  5  3  5  1 |
| 5  5  2  4  4 |
| 3  3  6  5  6 |
| 4  4  3  3  1 |
| 5  6  1  1  5 |
| 3  1  4  1  6 |
+---------------+
Unit: 6 1 1
Result: column = 0, permutation = 0 score = 1 [61]
|               |
|               |
|               |
|               |
|               |
|               |
|               |
| 6  6          |
| 4  3  2     3 |
| 2  1  5     5 |
| 4  3  1  3  5 |
| 5  4  5  4  4 |
| 2  3  2  6  3 |
| 3  2  3  1  6 |
| 3  5  3  5  1 |
| 5  5  2  4  4 |
| 3  3  6  5  6 |
| 4  4  3  3  1 |
| 5  6  1  1  5 |
| 3  1  4  1  6 |
+---------------+
===============
|               |
|               |
|               |
|               |
|               |
|               |
|               |
| 6  6          |
| 4  3  2     3 |
| 2  1  5     5 |
| 4  3  1  3  5 |
| 5  4  5  4  4 |
| 2  3  2  6  3 |
| 3  2  3  1  6 |
| 3  5  3  5  1 |
| 5  5  2  4  4 |
| 3  3  6  5  6 |
| 4  4  3  3  1 |
| 5  6  1  1  5 |
| 3  1  4  1  6 |
+---------------+
Unit: 3 2 4
Result: column = 3, permutation = 0 score = 0 [61]
|               |
|               |
|               |
|               |
|               |
|               |
|               |
| 6  6     3    |
| 4  3  2  2  3 |
| 2  1  5  4  5 |
| 4  3  1  3  5 |
| 5  4  5  4  4 |
| 2  3  2  6  3 |
| 3  2  3  1  6 |
| 3  5  3  5  1 |
| 5  5  2  4  4 |
| 3  3  6  5  6 |
| 4  4  3  3  1 |
| 5  6  1  1  5 |
| 3  1  4  1  6 |
+---------------+
===============
|               |
|               |
|               |
|               |
|               |
|               |
|               |
| 6  6     3    |
| 4  3  2  2  3 |
| 2  1  5  4  5 |
| 4  3  1  3  5 |
| 5  4  5  4  4 |
| 2  3  2  6  3 |
| 3  2  3  1  6 |
| 3  5  3  5  1 |
| 5  5  2  4  4 |
| 3  3  6  5  6 |
| 4  4  3  3  1 |
| 5  6  1  1  5 |
| 3  1  4  1  6 |
+---------------+
Unit: 4 4 5
Result: column = 2, permutation = 0 score = 0 [61]
|               |
|               |
|               |
|               |
|               |
|       4       |
|       4       |
| 6  6  5  3    |
| 4  3  2  2  3 |
| 2  1  5  4  5 |
| 4  3  1  3  5 |
| 5  4  5  4  4 |
| 2  3  2  6  3 |
| 3  2  3  1  6 |
| 3  5  3  5  1 |
| 5  5  2  4  4 |
| 3  3  6  5  6 |
| 4  4  3  3  1 |
| 5  6  1  1  5 |
| 3  1  4  1  6 |
+---------------+
===============
|               |
|               |
|               |
|               |
|               |
|       4       |
|       4       |
| 6  6  5  3    |
| 4  3  2  2  3 |
| 2  1  5  4  5 |
| 4  3  1  3  5 |
| 5  4  5  4  4 |
| 2  3  2  6  3 |
| 3  2  3  1  6 |
| 3  5  3  5  1 |
| 5  5  2  4  4 |
| 3  3  6  5  6 |
| 4  4  3  3  1 |
| 5  6  1  1  5 |
| 3  1  4  1  6 |
+---------------+
Unit: 1 1 3
Result: column = 4, permutation = 0 score = 0 [61]
|               |
|               |
|               |
|               |
|               |
|       4     1 |
|       4     1 |
| 6  6  5  3  3 |
| 4  3  2  2  3 |
| 2  1  5  4  5 |
| 4  3  1  3  5 |
| 5  4  5  4  4 |
| 2  3  2  6  3 |
| 3  2  3  1  6 |
| 3  5  3  5  1 |
| 5  5  2  4  4 |
| 3  3  6  5  6 |
| 4  4  3  3  1 |
| 5  6  1  1  5 |
| 3  1  4  1  6 |
+---------------+
===============
|               |
|               |
|               |
|               |
|               |
|       4     1 |
|       4     1 |
| 6  6  5  3  3 |
| 4  3  2  2  3 |
| 2  1  5  4  5 |
| 4  3  1  3  5 |
| 5  4  5  4  4 |
| 2  3  2  6  3 |
| 3  2  3  1  6 |
| 3  5  3  5  1 |
| 5  5  2  4  4 |
| 3  3  6  5  6 |
| 4  4  3  3  1 |
| 5  6  1  1  5 |
| 3  1  4  1  6 |
+---------------+
Unit: 1 3 4
Result: column = 2, permutation = 0 score = 3 [64]
|               |
|               |
|               |
|               |
|               |
|               |
|       1     1 |
| 6  6  5     1 |
| 4  3  2  2  3 |
| 2  1  5  4  5 |
| 4  3  1  3  5 |
| 5  4  5  4  4 |
| 2  3  2  6  3 |
| 3  2  3  1  6 |
| 3  5  3  5  1 |
| 5  5  2  4  4 |
| 3  3  6  5  6 |
| 4  4  3  3  1 |
| 5  6  1  1  5 |
| 3  1  4  1  6 |
+---------------+
===============
|               |
|               |
|               |
|               |
|               |
|               |
|       1     1 |
| 6  6  5     1 |
| 4  3  2  2  3 |
| 2  1  5  4  5 |
| 4  3  1  3  5 |
| 5  4  5  4  4 |
| 2  3  2  6  3 |
| 3  2  3  1  6 |
| 3  5  3  5  1 |
| 5  5  2  4  4 |
| 3  3  6  5  6 |
| 4  4  3  3  1 |
| 5  6  1  1  5 |
| 3  1  4  1  6 |
+---------------+
Unit: 1 3 6
Result: column = 3, permutation = 2 score = 1 [65]
|               |
|               |
|               |
|               |
|               |
|               |
|          6    |
| 6  6  5  3  1 |
| 4  3  2  2  3 |
| 2  1  5  4  5 |
| 4  3  1  3  5 |
| 5  4  5  4  4 |
| 2  3  2  6  3 |
| 3  2  3  1  6 |
| 3  5  3  5  1 |
| 5  5  2  4  4 |
| 3  3  6  5  6 |
| 4  4  3  3  1 |
| 5  6  1  1  5 |
| 3  1  4  1  6 |
+---------------+
===============
|               |
|               |
|               |
|               |
|               |
|               |
|          6    |
| 6  6  5  3  1 |
| 4  3  2  2  3 |
| 2  1  5  4  5 |
| 4  3  1  3  5 |
| 5  4  5  4  4 |
| 2  3  2  6  3 |
| 3  2  3  1  6 |
| 3  5  3  5  1 |
| 5  5  2  4  4 |
| 3  3  6  5  6 |
| 4  4  3  3  1 |
| 5  6  1  1  5 |
| 3  1  4  1  6 |
+---------------+
Unit: 6 6 2
Result: column = 0, permutation = 2 score = 1 [66]
|               |
|               |
|               |
|               |
|               |
|               |
|          6    |
| 2  6  5  3  1 |
| 4  3  2  2  3 |
| 2  1  5  4  5 |
| 4  3  1  3  5 |
| 5  4  5  4  4 |
| 2  3  2  6  3 |
| 3  2  3  1  6 |
| 3  5  3  5  1 |
| 5  5  2  4  4 |
| 3  3  6  5  6 |
| 4  4  3  3  1 |
| 5  6  1  1  5 |
| 3  1  4  1  6 |
+---------------+
===============
|               |
|               |
|               |
|               |
|               |
|               |
|          6    |
| 2  6  5  3  1 |
| 4  3  2  2  3 |
| 2  1  5  4  5 |
| 4  3  1  3  5 |
| 5  4  5  4  4 |
| 2  3  2  6  3 |
| 3  2  3  1  6 |
| 3  5  3  5  1 |
| 5  5  2  4  4 |
| 3  3  6  5  6 |
| 4  4  3  3  1 |
| 5  6  1  1  5 |
| 3  1  4  1  6 |
+---------------+
Unit: 3 3 3
Result: column = 2, permutation = 0 score = 2 [68]
|               |
|               |
|               |
|               |
|               |
|               |
|               |
| 2  6  5  6    |
| 4  3  2  2  1 |
| 2  1  5  4  5 |
| 4  3  1  3  5 |
| 5  4  5  4  4 |
| 2  3  2  6  3 |
| 3  2  3  1  6 |
| 3  5  3  5  1 |
| 5  5  2  4  4 |
| 3  3  6  5  6 |
| 4  4  3  3  1 |
| 5  6  1  1  5 |
| 3  1  4  1  6 |
+---------------+
===============
|               |
|               |
|               |
|               |
|               |
|               |
|               |
| 2  6  5  6    |
| 4  3  2  2  1 |
| 2  1  5  4  5 |
| 4  3  1  3  5 |
| 5  4  5  4  4 |
| 2  3  2  6  3 |
| 3  2  3  1  6 |
| 3  5  3  5  1 |
| 5  5  2  4  4 |
| 3  3  6  5  6 |
| 4  4  3  3  1 |
| 5  6  1  1  5 |
| 3  1  4  1  6 |
+---------------+
Unit: 3 6 6
Result: column = 1, permutation = 0 score = 1 [69]
|               |
|               |
|               |
|               |
|               |
|               |
|               |
| 2  3  5  6    |
| 4  3  2  2  1 |
| 2  1  5  4  5 |
| 4  3  1  3  5 |
| 5  4  5  4  4 |
| 2  3  2  6  3 |
| 3  2  3  1  6 |
| 3  5  3  5  1 |
| 5  5  2  4  4 |
| 3  3  6  5  6 |
| 4  4  3  3  1 |
| 5  6  1  1  5 |
| 3  1  4  1  6 |
+---------------+
===============
|               |
|               |
|               |
|               |
|               |
|               |
|               |
| 2  3  5  6    |
| 4  3  2  2  1 |
| 2  1  5  4  5 |
| 4  3  1  3  5 |
| 5  4  5  4  4 |
| 2  3  2  6  3 |
| 3  2  3  1  6 |
| 3  5  3  5  1 |
| 5  5  2  4  4 |
| 3  3  6  5  6 |
| 4  4  3  3  1 |
| 5  6  1  1  5 |
| 3  1  4  1  6 |
+---------------+
Unit: 3 6 6
Result: column = 3, permutation = 0 score = 1 [70]
|               |
|               |
|               |
|               |
|               |
|               |
|               |
| 2  3  5  3    |
| 4  3  2  2  1 |
| 2  1  5  4  5 |
| 4  3  1  3  5 |
| 5  4  5  4  4 |
| 2  3  2  6  3 |
| 3  2  3  1  6 |
| 3  5  3  5  1 |
| 5  5  2  4  4 |
| 3  3  6  5  6 |
| 4  4  3  3  1 |
| 5  6  1  1  5 |
| 3  1  4  1  6 |
+---------------+
===============
|               |
|               |
|               |
|               |
|               |
|               |
|               |
| 2  3  5  3    |
| 4  3  2  2  1 |
| 2  1  5  4  5 |
| 4  3  1  3  5 |
| 5  4  5  4  4 |
| 2  3  2  6  3 |
| 3  2  3  1  6 |
| 3  5  3  5  1 |
| 5  5  2  4  4 |
| 3  3  6  5  6 |
| 4  4  3  3  1 |
| 5  6  1  1  5 |
| 3  1  4  1  6 |
+---------------+
Unit: 6 5 6
Result: column = 4, permutation = 0 score = 0 [70]
|               |
|               |
|               |
|               |
|               |
|             6 |
|             5 |
| 2  3  5  3  6 |
| 4  3  2  2  1 |
| 2  1  5  4  5 |
| 4  3  1  3  5 |
| 5  4  5  4  4 |
| 2  3  2  6  3 |
| 3  2  3  1  6 |
| 3  5  3  5  1 |
| 5  5  2  4  4 |
| 3  3  6  5  6 |
| 4  4  3  3  1 |
| 5  6  1  1  5 |
| 3  1  4  1  6 |
+---------------+
===============
|               |
|               |
|               |
|               |
|               |
|             6 |
|             5 |
| 2  3  5  3  6 |
| 4  3  2  2  1 |
| 2  1  5  4  5 |
| 4  3  1  3  5 |
| 5  4  5  4  4 |
| 2  3  2  6  3 |
| 3  2  3  1  6 |
| 3  5  3  5  1 |
| 5  5  2  4  4 |
| 3  3  6  5  6 |
| 4  4  3  3  1 |
| 5  6  1  1  5 |
| 3  1  4  1  6 |
+---------------+
Unit: 2 1 5
Result: column = 0, permutation = 0 score = 0 [70]
|               |
|               |
|               |
|               |
| 2             |
| 1           6 |
| 5           5 |
| 2  3  5  3  6 |
| 4  3  2  2  1 |
| 2  1  5  4  5 |
| 4  3  1  3  5 |
| 5  4  5  4  4 |
| 2  3  2  6  3 |
| 3  2  3  1  6 |
| 3  5  3  5  1 |
| 5  5  2  4  4 |
| 3  3  6  5  6 |
| 4  4  3  3  1 |
| 5  6  1  1  5 |
| 3  1  4  1  6 |
+---------------+
===============
|               |
|               |
|               |
|               |
| 2             |
| 1           6 |
| 5           5 |
| 2  3  5  3  6 |
| 4  3  2  2  1 |
| 2  1  5  4  5 |
| 4  3  1  3  5 |
| 5  4  5  4  4 |
| 2  3  2  6  3 |
| 3  2  3  1  6 |
| 3  5  3  5  1 |
| 5  5  2  4  4 |
| 3  3  6  5  6 |
| 4  4  3  3  1 |
| 5  6  1  1  5 |
| 3  1  4  1  6 |
+---------------+
Unit: 3 6 4
Result: column = 1, permutation = 1 score = 1 [71]
|               |
|               |
|               |
|               |
| 2             |
| 1           6 |
| 5           5 |
| 2  6  5  3  6 |
| 4  4  2  2  1 |
| 2  1  5  4  5 |
| 4  3  1  3  5 |
| 5  4  5  4  4 |
| 2  3  2  6  3 |
| 3  2  3  1  6 |
| 3  5  3  5  1 |
| 5  5  2  4  4 |
| 3  3  6  5  6 |
| 4  4  3  3  1 |
| 5  6  1  1  5 |
| 3  1  4  1  6 |
+---------------+
===============
|               |
|               |
|               |
|               |
| 2             |
| 1           6 |
| 5           5 |
| 2  6  5  3  6 |
| 4  4  2  2  1 |
| 2  1  5  4  5 |
| 4  3  1  3  5 |
| 5  4  5  4  4 |
| 2  3  2  6  3 |
| 3  2  3  1  6 |
| 3  5  3  5  1 |
| 5  5  2  4  4 |
| 3  3  6  5  6 |
| 4  4  3  3  1 |
| 5  6  1  1  5 |
| 3  1  4  1  6 |
+---------------+
Unit: 2 2 6
Result: column = 0, permutation = 2 score = 1 [72]
|               |
|               |
|               |
|               |
| 6             |
| 1           6 |
| 5           5 |
| 2  6  5  3  6 |
| 4  4  2  2  1 |
| 2  1  5  4  5 |
| 4  3  1  3  5 |
| 5  4  5  4  4 |
| 2  3  2  6  3 |
| 3  2  3  1  6 |
| 3  5  3  5  1 |
| 5  5  2  4  4 |
| 3  3  6  5  6 |
| 4  4  3  3  1 |
| 5  6  1  1  5 |
| 3  1  4  1  6 |
+---------------+
===============
|               |
|               |
|               |
|               |
| 6             |
| 1           6 |
| 5           5 |
| 2  6  5  3  6 |
| 4  4  2  2  1 |
| 2  1  5  4  5 |
| 4  3  1  3  5 |
| 5  4  5  4  4 |
| 2  3  2  6  3 |
| 3  2  3  1  6 |
| 3  5  3  5  1 |
| 5  5  2  4  4 |
| 3  3  6  5  6 |
| 4  4  3  3  1 |
| 5  6  1  1  5 |
| 3  1  4  1  6 |
+---------------+
Unit: 1 2 3
Result: column = 1, permutation = 0 score = 0 [72]
|               |
|               |
|               |
|               |
| 6  1          |
| 1  2        6 |
| 5  3        5 |
| 2  6  5  3  6 |
| 4  4  2  2  1 |
| 2  1  5  4  5 |
| 4  3  1  3  5 |
| 5  4  5  4  4 |
| 2  3  2  6  3 |
| 3  2  3  1  6 |
| 3  5  3  5  1 |
| 5  5  2  4  4 |
| 3  3  6  5  6 |
| 4  4  3  3  1 |
| 5  6  1  1  5 |
| 3  1  4  1  6 |
+---------------+
===============
|               |
|               |
|               |
|               |
| 6  1          |
| 1  2        6 |
| 5  3        5 |
| 2  6  5  3  6 |
| 4  4  2  2  1 |
| 2  1  5  4  5 |
| 4  3  1  3  5 |
| 5  4  5  4  4 |
| 2  3  2  6  3 |
| 3  2  3  1  6 |
| 3  5  3  5  1 |
| 5  5  2  4  4 |
| 3  3  6  5  6 |
| 4  4  3  3  1 |
| 5  6  1  1  5 |
| 3  1  4  1  6 |
+---------------+
Unit: 1 6 5
Result: column = 2, permutation = 0 score = 0 [72]
|               |
|               |
|               |
|               |
| 6  1  1       |
| 1  2  6     6 |
| 5  3  5     5 |
| 2  6  5  3  6 |
| 4  4  2  2  1 |
| 2  1  5  4  5 |
| 4  3  1  3  5 |
| 5  4  5  4  4 |
| 2  3  2  6  3 |
| 3  2  3  1  6 |
| 3  5  3  5  1 |
| 5  5  2  4  4 |
| 3  3  6  5  6 |
| 4  4  3  3  1 |
| 5  6  1  1  5 |
| 3  1  4  1  6 |
+---------------+
===============
|               |
|               |
|               |
|               |
| 6  1  1       |
| 1  2  6     6 |
| 5  3  5     5 |
| 2  6  5  3  6 |
| 4  4  2  2  1 |
| 2  1  5  4  5 |
| 4  3  1  3  5 |
| 5  4  5  4  4 |
| 2  3  2  6  3 |
| 3  2  3  1  6 |
| 3  5  3  5  1 |
| 5  5  2  4  4 |
| 3  3  6  5  6 |
| 4  4  3  3  1 |
| 5  6  1  1  5 |
| 3  1  4  1  6 |
+---------------+
Unit: 1 1 5
Result: column = 3, permutation = 0 score = 2 [74]
|               |
|               |
|               |
|               |
| 6             |
| 1  2          |
| 5  3  6  1  6 |
| 2  6  5  3  6 |
| 4  4  2  2  1 |
| 2  1  5  4  5 |
| 4  3  1  3  5 |
| 5  4  5  4  4 |
| 2  3  2  6  3 |
| 3  2  3  1  6 |
| 3  5  3  5  1 |
| 5  5  2  4  4 |
| 3  3  6  5  6 |
| 4  4  3  3  1 |
| 5  6  1  1  5 |
| 3  1  4  1  6 |
+---------------+
===============
|               |
|               |
|               |
|               |
| 6             |
| 1  2          |
| 5  3  6  1  6 |
| 2  6  5  3  6 |
| 4  4  2  2  1 |
| 2  1  5  4  5 |
| 4  3  1  3  5 |
| 5  4  5  4  4 |
| 2  3  2  6  3 |
| 3  2  3  1  6 |
| 3  5  3  5  1 |
| 5  5  2  4  4 |
| 3  3  6  5  6 |
| 4  4  3  3  1 |
| 5  6  1  1  5 |
| 3  1  4  1  6 |
+---------------+
Unit: 5 5 1
Result: column = 2, permutation = 0 score = 0 [74]
|               |
|               |
|               |
|       5       |
| 6     5       |
| 1  2  1       |
| 5  3  6  1  6 |
| 2  6  5  3  6 |
| 4  4  2  2  1 |
| 2  1  5  4  5 |
| 4  3  1  3  5 |
| 5  4  5  4  4 |
| 2  3  2  6  3 |
| 3  2  3  1  6 |
| 3  5  3  5  1 |
| 5  5  2  4  4 |
| 3  3  6  5  6 |
| 4  4  3  3  1 |
| 5  6  1  1  5 |
| 3  1  4  1  6 |
+---------------+
===============
|               |
|               |
|               |
|       5       |
| 6     5       |
| 1  2  1       |
| 5  3  6  1  6 |
| 2  6  5  3  6 |
| 4  4  2  2  1 |
| 2  1  5  4  5 |
| 4  3  1  3  5 |
| 5  4  5  4  4 |
| 2  3  2  6  3 |
| 3  2  3  1  6 |
| 3  5  3  5  1 |
| 5  5  2  4  4 |
| 3  3  6  5  6 |
| 4  4  3  3  1 |
| 5  6  1  1  5 |
| 3  1  4  1  6 |
+---------------+
Unit: 5 2 4
Result: column = 2, permutation = 1 score = 1 [75]
|               |
|               |
|               |
|       2       |
| 6     4       |
| 1  2  1       |
| 5  3  6  1  6 |
| 2  6  5  3  6 |
| 4  4  2  2  1 |
| 2  1  5  4  5 |
| 4  3  1  3  5 |
| 5  4  5  4  4 |
| 2  3  2  6  3 |
| 3  2  3  1  6 |
| 3  5  3  5  1 |
| 5  5  2  4  4 |
| 3  3  6  5  6 |
| 4  4  3  3  1 |
| 5  6  1  1  5 |
| 3  1  4  1  6 |
+---------------+
===============
|               |
|               |
|               |
|       2       |
| 6     4       |
| 1  2  1       |
| 5  3  6  1  6 |
| 2  6  5  3  6 |
| 4  4  2  2  1 |
| 2  1  5  4  5 |
| 4  3  1  3  5 |
| 5  4  5  4  4 |
| 2  3  2  6  3 |
| 3  2  3  1  6 |
| 3  5  3  5  1 |
| 5  5  2  4  4 |
| 3  3  6  5  6 |
| 4  4  3  3  1 |
| 5  6  1  1  5 |
| 3  1  4  1  6 |
+---------------+
Unit: 1 5 3
Result: column = 1, permutation = 1 score = 1 [76]
|               |
|               |
|               |
|    5          |
| 6  3  2       |
| 1  2  4       |
| 5  3  6     6 |
| 2  6  5  3  6 |
| 4  4  2  2  1 |
| 2  1  5  4  5 |
| 4  3  1  3  5 |
| 5  4  5  4  4 |
| 2  3  2  6  3 |
| 3  2  3  1  6 |
| 3  5  3  5  1 |
| 5  5  2  4  4 |
| 3  3  6  5  6 |
| 4  4  3  3  1 |
| 5  6  1  1  5 |
| 3  1  4  1  6 |
+---------------+
===============
|               |
|               |
|               |
|    5          |
| 6  3  2       |
| 1  2  4       |
| 5  3  6     6 |
| 2  6  5  3  6 |
| 4  4  2  2  1 |
| 2  1  5  4  5 |
| 4  3  1  3  5 |
| 5  4  5  4  4 |
| 2  3  2  6  3 |
| 3  2  3  1  6 |
| 3  5  3  5  1 |
| 5  5  2  4  4 |
| 3  3  6  5  6 |
| 4  4  3  3  1 |
| 5  6  1  1  5 |
| 3  1  4  1  6 |
+---------------+
Unit: 1 3 6
Result: column = 3, permutation = 1 score = 3 [79]
|               |
|               |
|               |
|               |
|               |
| 6  5     3    |
| 1  3  4  1  6 |
| 5  3  5  3  6 |
| 4  4  2  2  1 |
| 2  1  5  4  5 |
| 4  3  1  3  5 |
| 5  4  5  4  4 |
| 2  3  2  6  3 |
| 3  2  3  1  6 |
| 3  5  3  5  1 |
| 5  5  2  4  4 |
| 3  3  6  5  6 |
| 4  4  3  3  1 |
| 5  6  1  1  5 |
| 3  1  4  1  6 |
+---------------+
===============
|               |
|               |
|               |
|               |
|               |
| 6  5     3    |
| 1  3  4  1  6 |
| 5  3  5  3  6 |
| 4  4  2  2  1 |
| 2  1  5  4  5 |
| 4  3  1  3  5 |
| 5  4  5  4  4 |
| 2  3  2  6  3 |
| 3  2  3  1  6 |
| 3  5  3  5  1 |
| 5  5  2  4  4 |
| 3  3  6  5  6 |
| 4  4  3  3  1 |
| 5  6  1  1  5 |
| 3  1  4  1  6 |
+---------------+
Unit: 2 3 2
Result: column = 2, permutation = 0 score = 0 [79]
|               |
|               |
|               |
|       2       |
|       3       |
| 6  5  2  3    |
| 1  3  4  1  6 |
| 5  3  5  3  6 |
| 4  4  2  2  1 |
| 2  1  5  4  5 |
| 4  3  1  3  5 |
| 5  4  5  4  4 |
| 2  3  2  6  3 |
| 3  2  3  1  6 |
| 3  5  3  5  1 |
| 5  5  2  4  4 |
| 3  3  6  5  6 |
| 4  4  3  3  1 |
| 5  6  1  1  5 |
| 3  1  4  1  6 |
+---------------+
===============
|               |
|               |
|               |
|       2       |
|       3       |
| 6  5  2  3    |
| 1  3  4  1  6 |
| 5  3  5  3  6 |
| 4  4  2  2  1 |
| 2  1  5  4  5 |
| 4  3  1  3  5 |
| 5  4  5  4  4 |
| 2  3  2  6  3 |
| 3  2  3  1  6 |
| 3  5  3  5  1 |
| 5  5  2  4  4 |
| 3  3  6  5  6 |
| 4  4  3  3  1 |
| 5  6  1  1  5 |
| 3  1  4  1  6 |
+---------------+
Unit: 4 3 1
Result: column = 1, permutation = 0 score = 1 [80]
|               |
|               |
|               |
|    4          |
|    1  2       |
| 6  5  2       |
| 1  3  4  1  6 |
| 5  3  5  3  6 |
| 4  4  2  2  1 |
| 2  1  5  4  5 |
| 4  3  1  3  5 |
| 5  4  5  4  4 |
| 2  3  2  6  3 |
| 3  2  3  1  6 |
| 3  5  3  5  1 |
| 5  5  2  4  4 |
| 3  3  6  5  6 |
| 4  4  3  3  1 |
| 5  6  1  1  5 |
| 3  1  4  1  6 |
+---------------+
===============
|               |
|               |
|               |
|    4          |
|    1  2       |
| 6  5  2       |
| 1  3  4  1  6 |
| 5  3  5  3  6 |
| 4  4  2  2  1 |
| 2  1  5  4  5 |
| 4  3  1  3  5 |
| 5  4  5  4  4 |
| 2  3  2  6  3 |
| 3  2  3  1  6 |
| 3  5  3  5  1 |
| 5  5  2  4  4 |
| 3  3  6  5  6 |
| 4  4  3  3  1 |
| 5  6  1  1  5 |
| 3  1  4  1  6 |
+---------------+
Unit: 5 5 5
Result: column = 3, permutation = 0 score = 1 [81]
|               |
|               |
|               |
|    4          |
|    1  2       |
| 6  5  2       |
| 1  3  4  1  6 |
| 5  3  5  3  6 |
| 4  4  2  2  1 |
| 2  1  5  4  5 |
| 4  3  1  3  5 |
| 5  4  5  4  4 |
| 2  3  2  6  3 |
| 3  2  3  1  6 |
| 3  5  3  5  1 |
| 5  5  2  4  4 |
| 3  3  6  5  6 |
| 4  4  3  3  1 |
| 5  6  1  1  5 |
| 3  1  4  1  6 |
+---------------+
===============
|               |
|               |
|               |
|    4          |
|    1  2       |
| 6  5  2       |
| 1  3  4  1  6 |
| 5  3  5  3  6 |
| 4  4  2  2  1 |
| 2  1  5  4  5 |
| 4  3  1  3  5 |
| 5  4  5  4  4 |
| 2  3  2  6  3 |
| 3  2  3  1  6 |
| 3  5  3  5  1 |
| 5  5  2  4  4 |
| 3  3  6  5  6 |
| 4  4  3  3  1 |
| 5  6  1  1  5 |
| 3  1  4  1  6 |
+---------------+
Unit: 5 3 5
Result: column = 3, permutation = 0 score = 0 [81]
|               |
|               |
|               |
|    4     5    |
|    1  2  3    |
| 6  5  2  5    |
| 1  3  4  1  6 |
| 5  3  5  3  6 |
| 4  4  2  2  1 |
| 2  1  5  4  5 |
| 4  3  1  3  5 |
| 5  4  5  4  4 |
| 2  3  2  6  3 |
| 3  2  3  1  6 |
| 3  5  3  5  1 |
| 5  5  2  4  4 |
| 3  3  6  5  6 |
| 4  4  3  3  1 |
| 5  6  1  1  5 |
| 3  1  4  1  6 |
+---------------+
===============
|               |
|               |
|               |
|    4     5    |
|    1  2  3    |
| 6  5  2  5    |
| 1  3  4  1  6 |
| 5  3  5  3  6 |
| 4  4  2  2  1 |
| 2  1  5  4  5 |
| 4  3  1  3  5 |
| 5  4  5  4  4 |
| 2  3  2  6  3 |
| 3  2  3  1  6 |
| 3  5  3  5  1 |
| 5  5  2  4  4 |
| 3  3  6  5  6 |
| 4  4  3  3  1 |
| 5  6  1  1  5 |
| 3  1  4  1  6 |
+---------------+
Unit: 1 2 4
Result: column = 2, permutation = 2 score = 3 [84]
|               |
|               |
|               |
|               |
|    4     5    |
| 6  5  4  3    |
| 1  3  4  5  6 |
| 5  3  5  3  6 |
| 4  4  2  2  1 |
| 2  1  5  4  5 |
| 4  3  1  3  5 |
| 5  4  5  4  4 |
| 2  3  2  6  3 |
| 3  2  3  1  6 |
| 3  5  3  5  1 |
| 5  5  2  4  4 |
| 3  3  6  5  6 |
| 4  4  3  3  1 |
| 5  6  1  1  5 |
| 3  1  4  1  6 |
+---------------+
===============
|               |
|               |
|               |
|               |
|    4     5    |
| 6  5  4  3    |
| 1  3  4  5  6 |
| 5  3  5  3  6 |
| 4  4  2  2  1 |
| 2  1  5  4  5 |
| 4  3  1  3  5 |
| 5  4  5  4  4 |
| 2  3  2  6  3 |
| 3  2  3  1  6 |
| 3  5  3  5  1 |
| 5  5  2  4  4 |
| 3  3  6  5  6 |
| 4  4  3  3  1 |
| 5  6  1  1  5 |
| 3  1  4  1  6 |
+---------------+
Unit: 3 2 5
Result: column = 4, permutation = 0 score = 1 [85]
|               |
|               |
|               |
|               |
|    4        3 |
| 6  5     5  2 |
| 1  3  4  3  6 |
| 5  3  4  3  6 |
| 4  4  2  2  1 |
| 2  1  5  4  5 |
| 4  3  1  3  5 |
| 5  4  5  4  4 |
| 2  3  2  6  3 |
| 3  2  3  1  6 |
| 3  5  3  5  1 |
| 5  5  2  4  4 |
| 3  3  6  5  6 |
| 4  4  3  3  1 |
| 5  6  1  1  5 |
| 3  1  4  1  6 |
+---------------+
===============
|               |
|               |
|               |
|               |
|    4        3 |
| 6  5     5  2 |
| 1  3  4  3  6 |
| 5  3  4  3  6 |
| 4  4  2  2  1 |
| 2  1  5  4  5 |
| 4  3  1  3  5 |
| 5  4  5  4  4 |
| 2  3  2  6  3 |
| 3  2  3  1  6 |
| 3  5  3  5  1 |
| 5  5  2  4  4 |
| 3  3  6  5  6 |
| 4  4  3  3  1 |
| 5  6  1  1  5 |
| 3  1  4  1  6 |
+---------------+
Unit: 4 3 4
Result: column = 2, permutation = 1 score = 4 [89]
|               |
|               |
|               |
|               |
|             3 |
| 6  4        2 |
| 1  5     5  6 |
| 5  3     3  6 |
| 4  4  2  2  1 |
| 2  1  5  4  5 |
| 4  3  1  3  5 |
| 5  4  5  4  4 |
| 2  3  2  6  3 |
| 3  2  3  1  6 |
| 3  5  3  5  1 |
| 5  5  2  4  4 |
| 3  3  6  5  6 |
| 4  4  3  3  1 |
| 5  6  1  1  5 |
| 3  1  4  1  6 |
+---------------+
===============
|               |
|               |
|               |
|               |
|             3 |
| 6  4        2 |
| 1  5     5  6 |
| 5  3     3  6 |
| 4  4  2  2  1 |
| 2  1  5  4  5 |
| 4  3  1  3  5 |
| 5  4  5  4  4 |
| 2  3  2  6  3 |
| 3  2  3  1  6 |
| 3  5  3  5  1 |
| 5  5  2  4  4 |
| 3  3  6  5  6 |
| 4  4  3  3  1 |
| 5  6  1  1  5 |
| 3  1  4  1  6 |
+---------------+
Unit: 3 4 3
Result: column = 2, permutation = 0 score = 1 [90]
|               |
|               |
|               |
|               |
|             3 |
| 6           2 |
| 1  4  3     6 |
| 5  5  4  5  6 |
| 4  4  2  2  1 |
| 2  1  5  4  5 |
| 4  3  1  3  5 |
| 5  4  5  4  4 |
| 2  3  2  6  3 |
| 3  2  3  1  6 |
| 3  5  3  5  1 |
| 5  5  2  4  4 |
| 3  3  6  5  6 |
| 4  4  3  3  1 |
| 5  6  1  1  5 |
| 3  1  4  1  6 |
+---------------+
===============
|               |
|               |
|               |
|               |
|             3 |
| 6           2 |
| 1  4  3     6 |
| 5  5  4  5  6 |
| 4  4  2  2  1 |
| 2  1  5  4  5 |
| 4  3  1  3  5 |
| 5  4  5  4  4 |
| 2  3  2  6  3 |
| 3  2  3  1  6 |
| 3  5  3  5  1 |
| 5  5  2  4  4 |
| 3  3  6  5  6 |
| 4  4  3  3  1 |
| 5  6  1  1  5 |
| 3  1  4  1  6 |
+---------------+
Unit: 2 5 5
Result: column = 3, permutation = 0 score = 1 [91]
|               |
|               |
|               |
|               |
|             3 |
| 6           2 |
| 1  4  3     6 |
| 5  5  4  2  6 |
| 4  4  2  2  1 |
| 2  1  5  4  5 |
| 4  3  1  3  5 |
| 5  4  5  4  4 |
| 2  3  2  6  3 |
| 3  2  3  1  6 |
| 3  5  3  5  1 |
| 5  5  2  4  4 |
| 3  3  6  5  6 |
| 4  4  3  3  1 |
| 5  6  1  1  5 |
| 3  1  4  1  6 |
+---------------+
Final score: 91
